<?xml version="1.0" encoding="UTF-8"?>
<testng-results ignored="0" total="1" passed="1" failed="0" skipped="0">
  <reporter-output>
    <line>
      <![CDATA[onStart]]>
    </line>
    <line>
      <![CDATA[onTestStart]]>
    </line>
    <line>
      <![CDATA[onTestSuccess]]>
    </line>
  </reporter-output>
  <suite started-at="2023-03-18T22:06:36 IST" name="Suite" finished-at="2023-03-18T22:06:59 IST" duration-ms="22825">
    <groups>
    </groups>
    <test started-at="2023-03-18T22:06:36 IST" name="Test" finished-at="2023-03-18T22:06:59 IST" duration-ms="22825">
      <class name="com.crm.testscript.CreateCustomerTest">
        <test-method is-config="true" signature="openBrowser(java.lang.String)[pri:0, instance:com.crm.testscript.CreateCustomerTest@7205765b]" started-at="2023-03-18T22:06:36 IST" name="openBrowser" finished-at="2023-03-18T22:06:37 IST" duration-ms="1596" status="PASS">
          <params>
            <param index="0">
              <value>
                <![CDATA[chrome]]>
              </value>
            </param>
          </params>
          <reporter-output>
          </reporter-output>
        </test-method> <!-- openBrowser -->
        <test-method is-config="true" signature="login()[pri:0, instance:com.crm.testscript.CreateCustomerTest@7205765b]" started-at="2023-03-18T22:06:37 IST" name="login" finished-at="2023-03-18T22:06:48 IST" duration-ms="10334" status="PASS">
          <reporter-output>
          </reporter-output>
        </test-method> <!-- login -->
        <test-method signature="createCustomerTest()[pri:0, instance:com.crm.testscript.CreateCustomerTest@7205765b]" started-at="2023-03-18T22:06:48 IST" name="createCustomerTest" finished-at="2023-03-18T22:06:56 IST" duration-ms="8577" status="PASS">
          <reporter-output>
            <line>
              <![CDATA[onTestStart]]>
            </line>
            <line>
              <![CDATA[onTestSuccess]]>
            </line>
          </reporter-output>
        </test-method> <!-- createCustomerTest -->
        <test-method is-config="true" signature="logout()[pri:0, instance:com.crm.testscript.CreateCustomerTest@7205765b]" started-at="2023-03-18T22:06:56 IST" name="logout" finished-at="2023-03-18T22:06:58 IST" duration-ms="1622" status="PASS">
          <reporter-output>
          </reporter-output>
        </test-method> <!-- logout -->
        <test-method is-config="true" signature="closeBrowser()[pri:0, instance:com.crm.testscript.CreateCustomerTest@7205765b]" started-at="2023-03-18T22:06:58 IST" name="closeBrowser" finished-at="2023-03-18T22:06:59 IST" duration-ms="667" status="PASS">
          <reporter-output>
          </reporter-output>
        </test-method> <!-- closeBrowser -->
      </class> <!-- com.crm.testscript.CreateCustomerTest -->
    </test> <!-- Test -->
  </suite> <!-- Suite -->
</testng-results>
